[0m06:17:01.466861 [debug] [MainThread]: Sending event: {'category': 'dbt', 'action': 'invocation', 'label': 'start', 'context': [<snowplow_tracker.self_describing_json.SelfDescribingJson object at 0x0000021B1418E720>, <snowplow_tracker.self_describing_json.SelfDescribingJson object at 0x0000021B1418D190>, <snowplow_tracker.self_describing_json.SelfDescribingJson object at 0x0000021B1418EBA0>]}


============================== 06:17:01.469862 | 27ec0959-839e-45de-834d-2f971bd641a9 ==============================
[0m06:17:01.469862 [info ] [MainThread]: Running with dbt=1.8.5
[0m06:17:01.470862 [debug] [MainThread]: running dbt with arguments {'printer_width': '80', 'indirect_selection': 'eager', 'log_cache_events': 'False', 'write_json': 'True', 'partial_parse': 'True', 'cache_selected_only': 'False', 'warn_error': 'None', 'version_check': 'True', 'profiles_dir': 'C:\\Users\\Henrique Hashimoto\\.dbt', 'log_path': 'logs', 'debug': 'False', 'fail_fast': 'False', 'use_colors': 'True', 'use_experimental_parser': 'False', 'empty': 'None', 'quiet': 'False', 'no_print': 'None', 'log_format': 'default', 'introspect': 'True', 'warn_error_options': 'WarnErrorOptions(include=[], exclude=[])', 'invocation_command': 'dbt init', 'target_path': 'None', 'static_parser': 'True', 'send_anonymous_usage_stats': 'True'}
[0m06:17:07.868436 [debug] [MainThread]: Starter project path: C:\Users\Henrique Hashimoto\AppData\Local\pypoetry\Cache\virtualenvs\duckdb-docker-etl-7wcjH13O-py3.12\Lib\site-packages\dbt\include\starter_project
[0m06:17:07.878436 [info ] [MainThread]: 
Your new dbt project "dbt_commodities" was created!

For more information on how to configure the profiles.yml file,
please consult the dbt documentation here:

  https://docs.getdbt.com/docs/configure-your-profile

One more thing:

Need help? Don't hesitate to reach out to us via GitHub issues or on Slack:

  https://community.getdbt.com/

Happy modeling!

[0m06:17:07.880435 [info ] [MainThread]: Setting up your profile.
[0m06:18:21.928142 [info ] [MainThread]: Profile dbt_commodities written to C:\Users\Henrique Hashimoto\.dbt\profiles.yml using target's profile_template.yml and your supplied values. Run 'dbt debug' to validate the connection.
[0m06:18:21.930145 [debug] [MainThread]: Command `dbt init` succeeded at 06:18:21.930145 after 80.55 seconds
[0m06:18:21.930145 [debug] [MainThread]: Sending event: {'category': 'dbt', 'action': 'invocation', 'label': 'end', 'context': [<snowplow_tracker.self_describing_json.SelfDescribingJson object at 0x0000021B13D132F0>, <snowplow_tracker.self_describing_json.SelfDescribingJson object at 0x0000021B13DFF740>, <snowplow_tracker.self_describing_json.SelfDescribingJson object at 0x0000021B13DFD430>]}
[0m06:18:21.930145 [debug] [MainThread]: Flushing usage events
[0m06:22:17.953390 [debug] [MainThread]: Sending event: {'category': 'dbt', 'action': 'invocation', 'label': 'start', 'context': [<snowplow_tracker.self_describing_json.SelfDescribingJson object at 0x000001784C6F9220>, <snowplow_tracker.self_describing_json.SelfDescribingJson object at 0x000001784EE22FF0>, <snowplow_tracker.self_describing_json.SelfDescribingJson object at 0x000001784F629760>]}


============================== 06:22:17.960047 | 985d0c90-e7ee-48c3-865d-f3f422c2f9d2 ==============================
[0m06:22:17.960047 [info ] [MainThread]: Running with dbt=1.8.5
[0m06:22:17.960047 [debug] [MainThread]: running dbt with arguments {'printer_width': '80', 'indirect_selection': 'eager', 'log_cache_events': 'False', 'write_json': 'True', 'partial_parse': 'True', 'cache_selected_only': 'False', 'profiles_dir': 'C:\\Users\\Henrique Hashimoto\\.dbt', 'version_check': 'True', 'debug': 'False', 'log_path': 'logs', 'warn_error': 'None', 'fail_fast': 'False', 'use_colors': 'True', 'use_experimental_parser': 'False', 'empty': 'None', 'quiet': 'False', 'no_print': 'None', 'log_format': 'default', 'static_parser': 'True', 'invocation_command': 'dbt seed', 'introspect': 'True', 'target_path': 'None', 'warn_error_options': 'WarnErrorOptions(include=[], exclude=[])', 'send_anonymous_usage_stats': 'True'}
[0m06:22:17.961059 [error] [MainThread]: Encountered an error:
Runtime Error
  No dbt_project.yml found at expected path C:\Users\Henrique Hashimoto\Desktop\repos\commodities-dbt\dbt_project.yml
  Verify that each entry within packages.yml (and their transitive dependencies) contains a file named dbt_project.yml
  
[0m06:22:17.963059 [debug] [MainThread]: Command `dbt seed` failed at 06:22:17.963059 after 0.09 seconds
[0m06:22:17.963059 [debug] [MainThread]: Sending event: {'category': 'dbt', 'action': 'invocation', 'label': 'end', 'context': [<snowplow_tracker.self_describing_json.SelfDescribingJson object at 0x000001784EE45490>, <snowplow_tracker.self_describing_json.SelfDescribingJson object at 0x000001784E7F7530>, <snowplow_tracker.self_describing_json.SelfDescribingJson object at 0x000001784C6F9220>]}
[0m06:22:17.963059 [debug] [MainThread]: Flushing usage events
